# JRE version: Java(TM) SE Runtime Environment (8.0_211-b12) (build 1.8.0_211-b12)
# Java VM: Java HotSpot(TM) 64-Bit Server VM (25.211-b12 mixed mode windows-amd64 compressed oops)
Heap:
 PSYoungGen      total 76288K, used 16708K [0x000000076b500000, 0x0000000774a00000, 0x00000007c0000000)
  eden space 65536K, 25% used [0x000000076b500000,0x000000076c5513a0,0x000000076f500000)
  from space 10752K, 0% used [0x000000076ff80000,0x000000076ff80000,0x0000000770a00000)
  to   space 10752K, 0% used [0x000000076f500000,0x000000076f500000,0x000000076ff80000)
 ParOldGen       total 88064K, used 9586K [0x00000006c1e00000, 0x00000006c7400000, 0x000000076b500000)
  object space 88064K, 10% used [0x00000006c1e00000,0x00000006c275ca30,0x00000006c7400000)
 Metaspace       used 21692K, capacity 22132K, committed 22448K, reserved 1069056K
  class space    used 2591K, capacity 2707K, committed 2816K, reserved 1048576K
GC Heap History (10 events):
Event: 3.369 GC heap before
{Heap before GC invocations=1 (full 0):
 PSYoungGen      total 76288K, used 65536K [0x000000076b500000, 0x0000000770a00000, 0x00000007c0000000)
  eden space 65536K, 100% used [0x000000076b500000,0x000000076f500000,0x000000076f500000)
  from space 10752K, 0% used [0x000000076ff80000,0x000000076ff80000,0x0000000770a00000)
  to   space 10752K, 0% used [0x000000076f500000,0x000000076f500000,0x000000076ff80000)
 ParOldGen       total 175104K, used 0K [0x00000006c1e00000, 0x00000006cc900000, 0x000000076b500000)
  object space 175104K, 0% used [0x00000006c1e00000,0x00000006c1e00000,0x00000006cc900000)
 Metaspace       used 11078K, capacity 11178K, committed 11392K, reserved 1058816K
  class space    used 1334K, capacity 1382K, committed 1408K, reserved 1048576K
Event: 3.381 GC heap after
Heap after GC invocations=1 (full 0):
 PSYoungGen      total 76288K, used 8694K [0x000000076b500000, 0x0000000770a00000, 0x00000007c0000000)
  eden space 65536K, 0% used [0x000000076b500000,0x000000076b500000,0x000000076f500000)
  from space 10752K, 80% used [0x000000076f500000,0x000000076fd7d810,0x000000076ff80000)
  to   space 10752K, 0% used [0x000000076ff80000,0x000000076ff80000,0x0000000770a00000)
 ParOldGen       total 175104K, used 16K [0x00000006c1e00000, 0x00000006cc900000, 0x000000076b500000)
  object space 175104K, 0% used [0x00000006c1e00000,0x00000006c1e04000,0x00000006cc900000)
 Metaspace       used 11078K, capacity 11178K, committed 11392K, reserved 1058816K
  class space    used 1334K, capacity 1382K, committed 1408K, reserved 1048576K
}
Event: 7.350 GC heap before
{Heap before GC invocations=2 (full 0):
 PSYoungGen      total 76288K, used 74230K [0x000000076b500000, 0x0000000770a00000, 0x00000007c0000000)
  eden space 65536K, 100% used [0x000000076b500000,0x000000076f500000,0x000000076f500000)
  from space 10752K, 80% used [0x000000076f500000,0x000000076fd7d810,0x000000076ff80000)
  to   space 10752K, 0% used [0x000000076ff80000,0x000000076ff80000,0x0000000770a00000)
 ParOldGen       total 175104K, used 16K [0x00000006c1e00000, 0x00000006cc900000, 0x000000076b500000)
  object space 175104K, 0% used [0x00000006c1e00000,0x00000006c1e04000,0x00000006cc900000)
 Metaspace       used 16116K, capacity 16316K, committed 16640K, reserved 1064960K
  class space    used 1922K, capacity 2007K, committed 2048K, reserved 1048576K
Event: 7.384 GC heap after
Heap after GC invocations=2 (full 0):
 PSYoungGen      total 76288K, used 10169K [0x000000076b500000, 0x0000000770a00000, 0x00000007c0000000)
  eden space 65536K, 0% used [0x000000076b500000,0x000000076b500000,0x000000076f500000)
  from space 10752K, 94% used [0x000000076ff80000,0x000000077096e6a0,0x0000000770a00000)
  to   space 10752K, 0% used [0x000000076f500000,0x000000076f500000,0x000000076ff80000)
 ParOldGen       total 175104K, used 24K [0x00000006c1e00000, 0x00000006cc900000, 0x000000076b500000)
  object space 175104K, 0% used [0x00000006c1e00000,0x00000006c1e06000,0x00000006cc900000)
 Metaspace       used 16116K, capacity 16316K, committed 16640K, reserved 1064960K
  class space    used 1922K, capacity 2007K, committed 2048K, reserved 1048576K
}
Event: 11.271 GC heap before
{Heap before GC invocations=3 (full 0):
 PSYoungGen      total 76288K, used 75705K [0x000000076b500000, 0x0000000770a00000, 0x00000007c0000000)
  eden space 65536K, 100% used [0x000000076b500000,0x000000076f500000,0x000000076f500000)
  from space 10752K, 94% used [0x000000076ff80000,0x000000077096e6a0,0x0000000770a00000)
  to   space 10752K, 0% used [0x000000076f500000,0x000000076f500000,0x000000076ff80000)
 ParOldGen       total 175104K, used 24K [0x00000006c1e00000, 0x00000006cc900000, 0x000000076b500000)
  object space 175104K, 0% used [0x00000006c1e00000,0x00000006c1e06000,0x00000006cc900000)
 Metaspace       used 19497K, capacity 19924K, committed 20096K, reserved 1067008K
  class space    used 2311K, capacity 2419K, committed 2432K, reserved 1048576K
Event: 11.287 GC heap after
Heap after GC invocations=3 (full 0):
 PSYoungGen      total 76288K, used 10728K [0x000000076b500000, 0x0000000770a00000, 0x00000007c0000000)
  eden space 65536K, 0% used [0x000000076b500000,0x000000076b500000,0x000000076f500000)
  from space 10752K, 99% used [0x000000076f500000,0x000000076ff7a1e0,0x000000076ff80000)
  to   space 10752K, 0% used [0x000000076ff80000,0x000000076ff80000,0x0000000770a00000)
 ParOldGen       total 175104K, used 152K [0x00000006c1e00000, 0x00000006cc900000, 0x000000076b500000)
  object space 175104K, 0% used [0x00000006c1e00000,0x00000006c1e26040,0x00000006cc900000)
 Metaspace       used 19497K, capacity 19924K, committed 20096K, reserved 1067008K
  class space    used 2311K, capacity 2419K, committed 2432K, reserved 1048576K
}
Event: 11.451 GC heap before
{Heap before GC invocations=4 (full 0):
 PSYoungGen      total 76288K, used 17270K [0x000000076b500000, 0x0000000770a00000, 0x00000007c0000000)
  eden space 65536K, 9% used [0x000000076b500000,0x000000076bb637d0,0x000000076f500000)
  from space 10752K, 99% used [0x000000076f500000,0x000000076ff7a1e0,0x000000076ff80000)
  to   space 10752K, 0% used [0x000000076ff80000,0x000000076ff80000,0x0000000770a00000)
 ParOldGen       total 175104K, used 152K [0x00000006c1e00000, 0x00000006cc900000, 0x000000076b500000)
  object space 175104K, 0% used [0x00000006c1e00000,0x00000006c1e26040,0x00000006cc900000)
 Metaspace       used 20686K, capacity 21076K, committed 21296K, reserved 1069056K
  class space    used 2490K, capacity 2611K, committed 2688K, reserved 1048576K
Event: 11.475 GC heap after
Heap after GC invocations=4 (full 0):
 PSYoungGen      total 76288K, used 9696K [0x000000076b500000, 0x0000000774a00000, 0x00000007c0000000)
  eden space 65536K, 0% used [0x000000076b500000,0x000000076b500000,0x000000076f500000)
  from space 10752K, 90% used [0x000000076ff80000,0x00000007708f8060,0x0000000770a00000)
  to   space 10752K, 0% used [0x000000076f500000,0x000000076f500000,0x000000076ff80000)
 ParOldGen       total 175104K, used 160K [0x00000006c1e00000, 0x00000006cc900000, 0x000000076b500000)
  object space 175104K, 0% used [0x00000006c1e00000,0x00000006c1e28040,0x00000006cc900000)
 Metaspace       used 20686K, capacity 21076K, committed 21296K, reserved 1069056K
  class space    used 2490K, capacity 2611K, committed 2688K, reserved 1048576K
}
Event: 11.475 GC heap before
{Heap before GC invocations=5 (full 1):
 PSYoungGen      total 76288K, used 9696K [0x000000076b500000, 0x0000000774a00000, 0x00000007c0000000)
  eden space 65536K, 0% used [0x000000076b500000,0x000000076b500000,0x000000076f500000)
  from space 10752K, 90% used [0x000000076ff80000,0x00000007708f8060,0x0000000770a00000)
  to   space 10752K, 0% used [0x000000076f500000,0x000000076f500000,0x000000076ff80000)
 ParOldGen       total 175104K, used 160K [0x00000006c1e00000, 0x00000006cc900000, 0x000000076b500000)
  object space 175104K, 0% used [0x00000006c1e00000,0x00000006c1e28040,0x00000006cc900000)
 Metaspace       used 20686K, capacity 21076K, committed 21296K, reserved 1069056K
  class space    used 2490K, capacity 2611K, committed 2688K, reserved 1048576K
Event: 11.565 GC heap after
Heap after GC invocations=5 (full 1):
 PSYoungGen      total 76288K, used 0K [0x000000076b500000, 0x0000000774a00000, 0x00000007c0000000)
  eden space 65536K, 0% used [0x000000076b500000,0x000000076b500000,0x000000076f500000)
  from space 10752K, 0% used [0x000000076ff80000,0x000000076ff80000,0x0000000770a00000)
  to   space 10752K, 0% used [0x000000076f500000,0x000000076f500000,0x000000076ff80000)
 ParOldGen       total 88064K, used 9586K [0x00000006c1e00000, 0x00000006c7400000, 0x000000076b500000)
  object space 88064K, 10% used [0x00000006c1e00000,0x00000006c275ca30,0x00000006c7400000)
 Metaspace       used 20686K, capacity 21076K, committed 21296K, reserved 1069056K
  class space    used 2490K, capacity 2611K, committed 2688K, reserved 1048576K
}

